#
# There is insufficient memory for the Java Runtime Environment to continue.
# Native memory allocation (malloc) failed to allocate 1048576 bytes for AllocateHeap
# Possible reasons:
#   The system is out of physical RAM or swap space
#   In 32 bit mode, the process size limit was hit
# Possible solutions:
#   Reduce memory load on the system
#   Increase physical memory or swap space
#   Check if swap backing store is full
#   Use 64 bit Java on a 64 bit OS
#   Decrease Java heap size (-Xmx/-Xms)
#   Decrease number of Java threads
#   Decrease Java thread stack sizes (-Xss)
#   Set larger code cache with -XX:ReservedCodeCacheSize=
# This output file may be truncated or incomplete.
#
#  Out of Memory Error (memory/allocation.inline.hpp:61), pid=12676, tid=0x00000000000005cc
#
# JRE version:  (8.0_191-b12) (build )
# Java VM: Java HotSpot(TM) 64-Bit Server VM (25.191-b12 mixed mode windows-amd64 compressed oops)
# Failed to write core dump. Minidumps are not enabled by default on client versions of Windows
#

---------------  T H R E A D  ---------------

Current thread (0x00000000030c4000):  JavaThread "Unknown thread" [_thread_in_vm, id=1484, stack(0x0000000002d60000,0x0000000002e60000)]

Stack: [0x0000000002d60000,0x0000000002e60000]
[error occurred during error reporting (printing stack bounds), id 0xc0000005]

Native frames: (J=compiled Java code, j=interpreted, Vv=VM code, C=native code)


---------------  P R O C E S S  ---------------

Java Threads: ( => current thread )

Other Threads:

=>0x00000000030c4000 (exited) JavaThread "Unknown thread" [_thread_in_vm, id=1484, stack(0x0000000002d60000,0x0000000002e60000)]

VM state:not at safepoint (normal execution)

VM Mutex/Monitor currently owned by a thread: None

Heap:
 PSYoungGen      total 38400K, used 665K [0x00000000d5f80000, 0x00000000d8a00000, 0x0000000100000000)
  eden space 33280K, 2% used [0x00000000d5f80000,0x00000000d6026670,0x00000000d8000000)
  from space 5120K, 0% used [0x00000000d8500000,0x00000000d8500000,0x00000000d8a00000)
  to   space 5120K, 0% used [0x00000000d8000000,0x00000000d8000000,0x00000000d8500000)
 ParOldGen       total 87552K, used 0K [0x0000000081e00000, 0x0000000087380000, 0x00000000d5f80000)
  object space 87552K, 0% used [0x0000000081e00000,0x0000000081e00000,0x0000000087380000)
 Metaspace       used 775K, capacity 4480K, committed 4480K, reserved 1056768K
  class space    used 76K, capacity 384K, committed 384K, reserved 1048576K

Card table byte_map: [0x0000000012580000,0x0000000012980000] byte_map_base: 0x0000000012171000

Marking Bits: (ParMarkBitMap*) 0x0000000075563e30
 Begin Bits: [0x0000000013430000, 0x00000000153b8000)
 End Bits:   [0x00000000153b8000, 0x0000000017340000)

Polling page: 0x0000000001050000

CodeCache: size=245760Kb used=328Kb max_used=328Kb free=245431Kb
 bounds [0x00000000031c0000, 0x0000000003430000, 0x00000000121c0000]
 total_blobs=58 nmethods=0 adapters=38
 compilation: enabled

Compilation events (0 events):
No events

GC Heap History (0 events):
No events

Deoptimization events (0 events):
No events

Classes redefined (0 events):
No events

Internal exceptions (0 events):
No events

Events (10 events):
Event: 0.029 loading class java/lang/Short
Event: 0.029 loading class java/lang/Short done
Event: 0.029 loading class java/lang/Integer
Event: 0.029 loading class java/lang/Integer done
Event: 0.029 loading class java/lang/Long
Event: 0.029 loading class java/lang/Long done
Event: 0.030 loading class java/lang/NullPointerException
Event: 0.030 loading class java/lang/NullPointerException done
Event: 0.030 loading class java/lang/ArithmeticException
Event: 0.030 loading class java/lang/ArithmeticException done


Dynamic libraries:
0x00007ff69d0e0000 - 0x00007ff69d117000 	C:\Program Files\Java\jdk1.8.0_191\bin\java.exe
0x00007ffb9dce0000 - 0x00007ffb9ded0000 	C:\WINDOWS\SYSTEM32\ntdll.dll
0x00007ffb9d060000 - 0x00007ffb9d112000 	C:\WINDOWS\System32\KERNEL32.DLL
0x00007ffb9ae90000 - 0x00007ffb9b133000 	C:\WINDOWS\System32\KERNELBASE.dll
0x00007ffb9c8f0000 - 0x00007ffb9c993000 	C:\WINDOWS\System32\ADVAPI32.dll
0x00007ffb9d1f0000 - 0x00007ffb9d28e000 	C:\WINDOWS\System32\msvcrt.dll
0x00007ffb9d3a0000 - 0x00007ffb9d437000 	C:\WINDOWS\System32\sechost.dll
0x00007ffb9bd90000 - 0x00007ffb9beb0000 	C:\WINDOWS\System32\RPCRT4.dll
0x00007ffb9cbb0000 - 0x00007ffb9cd44000 	C:\WINDOWS\System32\USER32.dll
0x00007ffb9b390000 - 0x00007ffb9b3b1000 	C:\WINDOWS\System32\win32u.dll
0x00007ffb9cd60000 - 0x00007ffb9cd86000 	C:\WINDOWS\System32\GDI32.dll
0x00007ffb9b3c0000 - 0x00007ffb9b554000 	C:\WINDOWS\System32\gdi32full.dll
0x00007ffb9adf0000 - 0x00007ffb9ae8e000 	C:\WINDOWS\System32\msvcp_win.dll
0x00007ffb9b290000 - 0x00007ffb9b38a000 	C:\WINDOWS\System32\ucrtbase.dll
0x00007ffb8aad0000 - 0x00007ffb8ad55000 	C:\WINDOWS\WinSxS\amd64_microsoft.windows.common-controls_6595b64144ccf1df_6.0.18362.778_none_e6c6b761130d4fb8\COMCTL32.dll
0x00007ffb9d8b0000 - 0x00007ffb9dbe6000 	C:\WINDOWS\System32\combase.dll
0x00007ffb9acf0000 - 0x00007ffb9ad70000 	C:\WINDOWS\System32\bcryptPrimitives.dll
0x00007ffb9c860000 - 0x00007ffb9c88e000 	C:\WINDOWS\System32\IMM32.DLL
0x0000000075d50000 - 0x0000000075e22000 	C:\Program Files\Java\jdk1.8.0_191\jre\bin\msvcr100.dll
0x0000000074d40000 - 0x00000000755e4000 	C:\Program Files\Java\jdk1.8.0_191\jre\bin\server\jvm.dll
0x00007ffb9ced0000 - 0x00007ffb9ced8000 	C:\WINDOWS\System32\PSAPI.DLL
0x00007ffb6e850000 - 0x00007ffb6e859000 	C:\WINDOWS\SYSTEM32\WSOCK32.dll
0x00007ffb98920000 - 0x00007ffb98944000 	C:\WINDOWS\SYSTEM32\WINMM.dll
0x00007ffb9ca70000 - 0x00007ffb9cadf000 	C:\WINDOWS\System32\WS2_32.dll
0x00007ffb90220000 - 0x00007ffb9022a000 	C:\WINDOWS\SYSTEM32\VERSION.dll
0x00007ffb98490000 - 0x00007ffb984bd000 	C:\WINDOWS\SYSTEM32\winmmbase.dll
0x00007ffb9aca0000 - 0x00007ffb9acea000 	C:\WINDOWS\System32\cfgmgr32.dll
0x0000000077a40000 - 0x0000000077a4f000 	C:\Program Files\Java\jdk1.8.0_191\jre\bin\verify.dll
0x0000000077a10000 - 0x0000000077a39000 	C:\Program Files\Java\jdk1.8.0_191\jre\bin\java.dll
0x0000000075910000 - 0x0000000075933000 	C:\Program Files\Java\jdk1.8.0_191\jre\bin\instrument.dll
0x0000000075fb0000 - 0x0000000075fc6000 	C:\Program Files\Java\jdk1.8.0_191\jre\bin\zip.dll

VM Arguments:
jvm_args: -javaagent:C:\Program Files\JetBrains\IntelliJ IDEA 2019.3.3\lib\idea_rt.jar=55863:C:\Program Files\JetBrains\IntelliJ IDEA 2019.3.3\bin -Dfile.encoding=UTF-8 
java_command: main.java.Main
java_class_path (initial): C:\Program Files\Java\jdk1.8.0_191\jre\lib\charsets.jar;C:\Program Files\Java\jdk1.8.0_191\jre\lib\deploy.jar;C:\Program Files\Java\jdk1.8.0_191\jre\lib\ext\access-bridge-64.jar;C:\Program Files\Java\jdk1.8.0_191\jre\lib\ext\cldrdata.jar;C:\Program Files\Java\jdk1.8.0_191\jre\lib\ext\dnsns.jar;C:\Program Files\Java\jdk1.8.0_191\jre\lib\ext\jaccess.jar;C:\Program Files\Java\jdk1.8.0_191\jre\lib\ext\jfxrt.jar;C:\Program Files\Java\jdk1.8.0_191\jre\lib\ext\localedata.jar;C:\Program Files\Java\jdk1.8.0_191\jre\lib\ext\nashorn.jar;C:\Program Files\Java\jdk1.8.0_191\jre\lib\ext\sunec.jar;C:\Program Files\Java\jdk1.8.0_191\jre\lib\ext\sunjce_provider.jar;C:\Program Files\Java\jdk1.8.0_191\jre\lib\ext\sunmscapi.jar;C:\Program Files\Java\jdk1.8.0_191\jre\lib\ext\sunpkcs11.jar;C:\Program Files\Java\jdk1.8.0_191\jre\lib\ext\zipfs.jar;C:\Program Files\Java\jdk1.8.0_191\jre\lib\javaws.jar;C:\Program Files\Java\jdk1.8.0_191\jre\lib\jce.jar;C:\Program Files\Java\jdk1.8.0_191\jre\lib\jfr.jar;C:\Program Files\Java\jdk1.8.0_191\jre\lib\jfxswt.jar;C:\Program Files\Java\jdk1.8.0_191\jre\lib\jsse.jar;C:\Program Files\Java\jdk1.8.0_191\jre\lib\management-agent.jar;C:\Program Files\Java\jdk1.8.0_191\jre\lib\plugin.jar;C:\Program Files\Java\jdk1.8.0_191\jre\lib\resources.jar;C:\Program Files\Java\jdk1.8.0_191\jre\lib\rt.jar;E:\EPAM_JAVA_PROJECT\Hospital\target\classes;C:\Users\Lenovo\.m2\repository\org\apache\logging\log4j\log4j-api\2.13.1\log4j-api-2.13.1.jar;C:\Users\Lenovo\.m2\repository\org\apache\logging\log4j\log4j-core\2.13.1\log4j-core-2.13.1.jar;C:\Users\Lenovo\.m2\repository\org\testng\testng\6.8\testng-6.8.jar;C:\Users\Lenovo\.m2\repository\junit\junit\4.10\junit-4.10.jar;C:\Users\Lenovo\.m2\repository\org\hamcrest\hamcrest-core\1.1\hamcrest-core-1.1.jar;C:\Users\Lenovo\.m2\repository\org\beanshell\bsh\2.0b4\bsh-2.0b4.jar;C:\Users\Lenovo\.m2\repository\com\beust\jcommander\1.27\jcommander-1.27.jar;C:\Users\Lenovo\.m2\repository\org\yaml\snakeyaml\1.6
Launcher Type: SUN_STANDARD

Environment Variables:
PATH=E:\DB\19c\bin;C:\Program Files\Microsoft MPI\Bin\;C:\Program Files (x86)\Common Files\Oracle\Java\javapath;C:\ProgramData\DockerDesktop\version-bin;C:\Program Files\Docker\Docker\Resources\bin;C:\WINDOWS\system32;C:\WINDOWS;C:\WINDOWS\System32\Wbem;C:\WINDOWS\System32\WindowsPowerShell\v1.0\;C:\WINDOWS\System32\OpenSSH\;C:\Program Files\nodejs\;C:\Program Files (x86)\Common Files\Adobe\AGL;C:\Program Files (x86)\Microsoft SQL Server\140\Tools\Binn\;C:\Program Files\Microsoft SQL Server\140\Tools\Binn\;C:\Program Files (x86)\Microsoft SQL Server\140\DTS\Binn\;C:\Program Files\Microsoft SQL Server\140\DTS\Binn\;C:\Program Files\Microsoft SQL Server\Client SDK\ODBC\130\Tools\Binn\;C:\Program Files (x86)\Microsoft SQL Server\150\DTS\Binn\;C:\Program Files\dotnet\;C:\Program Files\Microsoft\Web Platform Installer\;C:\Program Files (x86)\Microsoft ASP.NET\ASP.NET Web Pages\v1.0\;C:\Program Files\Microsoft SQL Server\110\Tools\Binn\;C:\PHP;C:\Program Files\gradle-6.3\bin;C:\Program Files\Java\jdk1.8.0_191\jre\lib;C:\Program Files\Java\jre1.8.0_191\bin;C:\Program Files\MySQL\MySQL Shell 8.0\bin\;C:\Users\Lenovo\AppData\Local\Programs\Python\Python36\Scripts\;C:\Users\Lenovo\AppData\Local\Programs\Python\Python36\;C:\Users\Lenovo\AppData\Local\Microsoft\WindowsApps;C:\Users\Lenovo\AppData\Roaming\npm;C:\Program Files\Docker Toolbox;C:\Users\Lenovo\AppData\Local\Programs\Microsoft VS Code\bin;;C:\Program Files\JetBrains\IntelliJ IDEA 2019.3.3\bin;;C:\Program Files\JetBrains\PyCharm Community Edition 2019.3.3\bin;
USERNAME=Lenovo
OS=Windows_NT
PROCESSOR_IDENTIFIER=Intel64 Family 6 Model 142 Stepping 10, GenuineIntel



---------------  S Y S T E M  ---------------

OS: Windows 10.0 , 64 bit Build 18362 (10.0.18362.778)

CPU:total 8 (initial active 8) (4 cores per cpu, 2 threads per core) family 6 model 142 stepping 10, cmov, cx8, fxsr, mmx, sse, sse2, sse3, ssse3, sse4.1, sse4.2, popcnt, avx, avx2, aes, clmul, erms, 3dnowpref, lzcnt, ht, tsc, tscinvbit, bmi1, bmi2, adx

Memory: 4k page, physical 8260236k(2359424k free), swap 8260236k(5232k free)

vm_info: Java HotSpot(TM) 64-Bit Server VM (25.191-b12) for windows-amd64 JRE (1.8.0_191-b12), built on Oct  6 2018 09:29:03 by "java_re" with MS VC++ 10.0 (VS2010)

time: Sun Apr 26 03:40:23 2020
elapsed time: 0 seconds (0d 0h 0m 0s)

