#
# There is insufficient memory for the Java Runtime Environment to continue.
# Native memory allocation (malloc) failed to allocate 32744 bytes for ChunkPool::allocate
# Possible reasons:
#   The system is out of physical RAM or swap space
#   In 32 bit mode, the process size limit was hit
# Possible solutions:
#   Reduce memory load on the system
#   Increase physical memory or swap space
#   Check if swap backing store is full
#   Use 64 bit Java on a 64 bit OS
#   Decrease Java heap size (-Xmx/-Xms)
#   Decrease number of Java threads
#   Decrease Java thread stack sizes (-Xss)
#   Set larger code cache with -XX:ReservedCodeCacheSize=
# This output file may be truncated or incomplete.
#
#  Out of Memory Error (allocation.cpp:273), pid=11572, tid=0x0000000000003248
#
# JRE version: Java(TM) SE Runtime Environment (8.0_191-b12) (build 1.8.0_191-b12)
# Java VM: Java HotSpot(TM) 64-Bit Server VM (25.191-b12 mixed mode windows-amd64 compressed oops)
# Failed to write core dump. Minidumps are not enabled by default on client versions of Windows
#

---------------  T H R E A D  ---------------

Current thread (0x00000000029c4000):  JavaThread "main" [_thread_in_vm, id=12872, stack(0x0000000002790000,0x0000000002890000)]

Stack: [0x0000000002790000,0x0000000002890000]
[error occurred during error reporting (printing stack bounds), id 0xc0000005]

Native frames: (J=compiled Java code, j=interpreted, Vv=VM code, C=native code)

Java frames: (J=compiled Java code, j=interpreted, Vv=VM code)
j  org.apache.logging.log4j.status.StatusLogger.<clinit>()V+46
v  ~StubRoutines::call_stub
j  org.apache.logging.log4j.LogManager.<clinit>()V+0
v  ~StubRoutines::call_stub
j  dbconnection.DBConnector.<clinit>()V+0
v  ~StubRoutines::call_stub
j  main.java.Main.main([Ljava/lang/String;)V+0
v  ~StubRoutines::call_stub

---------------  P R O C E S S  ---------------

Java Threads: ( => current thread )
  0x0000000019a0b000 JavaThread "Service Thread" daemon [_thread_blocked, id=11696, stack(0x000000001a640000,0x000000001a740000)]
  0x000000001995d000 JavaThread "C1 CompilerThread3" daemon [_thread_in_vm, id=6960, stack(0x000000001a540000,0x000000001a640000)]
  0x0000000019958000 JavaThread "C2 CompilerThread2" daemon [_thread_blocked, id=12884, stack(0x000000001a440000,0x000000001a540000)]
  0x0000000019950800 JavaThread "C2 CompilerThread1" daemon [_thread_blocked, id=7744, stack(0x000000001a340000,0x000000001a440000)]
  0x000000001994a800 JavaThread "C2 CompilerThread0" daemon [_thread_blocked, id=4768, stack(0x000000001a240000,0x000000001a340000)]
  0x0000000019947800 JavaThread "Monitor Ctrl-Break" daemon [_thread_in_native, id=6900, stack(0x000000001a140000,0x000000001a240000)]
  0x000000001986c000 JavaThread "Attach Listener" daemon [_thread_blocked, id=13892, stack(0x000000001a040000,0x000000001a140000)]
  0x000000001986b800 JavaThread "Signal Dispatcher" daemon [_thread_blocked, id=11244, stack(0x0000000019f40000,0x000000001a040000)]
  0x0000000019851000 JavaThread "Finalizer" daemon [_thread_blocked, id=3884, stack(0x0000000019d30000,0x0000000019e30000)]
  0x0000000017a2d800 JavaThread "Reference Handler" daemon [_thread_blocked, id=9460, stack(0x0000000019c30000,0x0000000019d30000)]
=>0x00000000029c4000 JavaThread "main" [_thread_in_vm, id=12872, stack(0x0000000002790000,0x0000000002890000)]

Other Threads:
  0x0000000017a29800 VMThread [stack: 0x0000000019730000,0x0000000019830000] [id=11056]
  0x000000001997e800 WatcherThread [stack: 0x000000001a740000,0x000000001a840000] [id=11464]

VM state:not at safepoint (normal execution)

VM Mutex/Monitor currently owned by a thread: None

Heap:
 PSYoungGen      total 38400K, used 5327K [0x00000000d5f80000, 0x00000000d8a00000, 0x0000000100000000)
  eden space 33280K, 16% used [0x00000000d5f80000,0x00000000d64b3dc0,0x00000000d8000000)
  from space 5120K, 0% used [0x00000000d8500000,0x00000000d8500000,0x00000000d8a00000)
  to   space 5120K, 0% used [0x00000000d8000000,0x00000000d8000000,0x00000000d8500000)
 ParOldGen       total 87552K, used 0K [0x0000000081e00000, 0x0000000087380000, 0x00000000d5f80000)
  object space 87552K, 0% used [0x0000000081e00000,0x0000000081e00000,0x0000000087380000)
 Metaspace       used 4042K, capacity 5056K, committed 5120K, reserved 1056768K
  class space    used 447K, capacity 496K, committed 512K, reserved 1048576K

Card table byte_map: [0x0000000011e80000,0x0000000012280000] byte_map_base: 0x0000000011a71000

Marking Bits: (ParMarkBitMap*) 0x0000000075563e30
 Begin Bits: [0x0000000012d30000, 0x0000000014cb8000)
 End Bits:   [0x0000000014cb8000, 0x0000000016c40000)

Polling page: 0x00000000005c0000

CodeCache: size=245760Kb used=1421Kb max_used=1421Kb free=244338Kb
 bounds [0x0000000002ac0000, 0x0000000002d30000, 0x0000000011ac0000]
 total_blobs=424 nmethods=166 adapters=171
 compilation: enabled

Compilation events (10 events):
Event: 0.178 Thread 0x000000001995d000  156       3       java.util.ArrayList::ensureExplicitCapacity (26 bytes)
Event: 0.179 Thread 0x000000001995d000 nmethod 156 0x0000000002c18510 code [0x0000000002c18680, 0x0000000002c18868]
Event: 0.179 Thread 0x000000001995d000  157       3       java.lang.ref.Reference::<init> (25 bytes)
Event: 0.179 Thread 0x0000000019950800  158       4       sun.nio.cs.UTF_8$Encoder::encode (359 bytes)
Event: 0.179 Thread 0x000000001995d000 nmethod 157 0x0000000002c18090 code [0x0000000002c18200, 0x0000000002c18450]
Event: 0.179 Thread 0x000000001995d000  152       3       java.lang.String::subSequence (7 bytes)
Event: 0.179 Thread 0x000000001995d000 nmethod 152 0x0000000002c1ab10 code [0x0000000002c1ac80, 0x0000000002c1ae88]
Event: 0.179 Thread 0x000000001995d000  159       3       java.lang.String::indexOf (7 bytes)
Event: 0.179 Thread 0x000000001995d000 nmethod 159 0x0000000002c1af10 code [0x0000000002c1b080, 0x0000000002c1b308]
Event: 0.180 Thread 0x000000001995d000  160       3       java.io.WinNTFileSystem::normalize (231 bytes)

GC Heap History (0 events):
No events

Deoptimization events (0 events):
No events

Classes redefined (0 events):
No events

Internal exceptions (6 events):
Event: 0.033 Thread 0x00000000029c4000 Exception <a 'java/lang/NoSuchMethodError': Method sun.misc.Unsafe.defineClass(Ljava/lang/String;[BII)Ljava/lang/Class; name or signature does not match> (0x00000000d5f87cb0) thrown at [C:\re\workspace\8-2-build-windows-amd64-cygwin\jdk8u191\11896\hotspot
Event: 0.033 Thread 0x00000000029c4000 Exception <a 'java/lang/NoSuchMethodError': Method sun.misc.Unsafe.prefetchRead(Ljava/lang/Object;J)V name or signature does not match> (0x00000000d5f87f98) thrown at [C:\re\workspace\8-2-build-windows-amd64-cygwin\jdk8u191\11896\hotspot\src\share\vm\prim
Event: 0.158 Thread 0x00000000029c4000 Exception <a 'java/security/PrivilegedActionException'> (0x00000000d636e6e8) thrown at [C:\re\workspace\8-2-build-windows-amd64-cygwin\jdk8u191\11896\hotspot\src\share\vm\prims\jvm.cpp, line 1435]
Event: 0.158 Thread 0x00000000029c4000 Exception <a 'java/security/PrivilegedActionException'> (0x00000000d636e8f8) thrown at [C:\re\workspace\8-2-build-windows-amd64-cygwin\jdk8u191\11896\hotspot\src\share\vm\prims\jvm.cpp, line 1435]
Event: 0.159 Thread 0x00000000029c4000 Exception <a 'java/security/PrivilegedActionException'> (0x00000000d63729f0) thrown at [C:\re\workspace\8-2-build-windows-amd64-cygwin\jdk8u191\11896\hotspot\src\share\vm\prims\jvm.cpp, line 1435]
Event: 0.159 Thread 0x00000000029c4000 Exception <a 'java/security/PrivilegedActionException'> (0x00000000d6372c00) thrown at [C:\re\workspace\8-2-build-windows-amd64-cygwin\jdk8u191\11896\hotspot\src\share\vm\prims\jvm.cpp, line 1435]

Events (10 events):
Event: 0.178 loading class java/util/ArrayList$SubList$1
Event: 0.178 loading class java/util/ListIterator
Event: 0.178 loading class java/util/ListIterator done
Event: 0.178 loading class java/util/ArrayList$SubList$1 done
Event: 0.178 loading class org/apache/logging/log4j/message/DefaultFlowMessageFactory
Event: 0.178 loading class org/apache/logging/log4j/message/DefaultFlowMessageFactory done
Event: 0.178 loading class org/apache/logging/log4j/message/FlowMessageFactory
Event: 0.178 loading class org/apache/logging/log4j/message/FlowMessageFactory done
Event: 0.182 loading class org/apache/logging/log4j/message/ParameterizedNoReferenceMessageFactory
Event: 0.182 loading class org/apache/logging/log4j/message/ParameterizedNoReferenceMessageFactory done


Dynamic libraries:
0x00007ff69d0e0000 - 0x00007ff69d117000 	C:\Program Files\Java\jdk1.8.0_191\bin\java.exe
0x00007ffb9dce0000 - 0x00007ffb9ded0000 	C:\WINDOWS\SYSTEM32\ntdll.dll
0x00007ffb9d060000 - 0x00007ffb9d112000 	C:\WINDOWS\System32\KERNEL32.DLL
0x00007ffb9ae90000 - 0x00007ffb9b133000 	C:\WINDOWS\System32\KERNELBASE.dll
0x00007ffb9c8f0000 - 0x00007ffb9c993000 	C:\WINDOWS\System32\ADVAPI32.dll
0x00007ffb9d1f0000 - 0x00007ffb9d28e000 	C:\WINDOWS\System32\msvcrt.dll
0x00007ffb9d3a0000 - 0x00007ffb9d437000 	C:\WINDOWS\System32\sechost.dll
0x00007ffb9bd90000 - 0x00007ffb9beb0000 	C:\WINDOWS\System32\RPCRT4.dll
0x00007ffb9cbb0000 - 0x00007ffb9cd44000 	C:\WINDOWS\System32\USER32.dll
0x00007ffb9b390000 - 0x00007ffb9b3b1000 	C:\WINDOWS\System32\win32u.dll
0x00007ffb9cd60000 - 0x00007ffb9cd86000 	C:\WINDOWS\System32\GDI32.dll
0x00007ffb9b3c0000 - 0x00007ffb9b554000 	C:\WINDOWS\System32\gdi32full.dll
0x00007ffb9adf0000 - 0x00007ffb9ae8e000 	C:\WINDOWS\System32\msvcp_win.dll
0x00007ffb9b290000 - 0x00007ffb9b38a000 	C:\WINDOWS\System32\ucrtbase.dll
0x00007ffb8aad0000 - 0x00007ffb8ad55000 	C:\WINDOWS\WinSxS\amd64_microsoft.windows.common-controls_6595b64144ccf1df_6.0.18362.778_none_e6c6b761130d4fb8\COMCTL32.dll
0x00007ffb9d8b0000 - 0x00007ffb9dbe6000 	C:\WINDOWS\System32\combase.dll
0x00007ffb9acf0000 - 0x00007ffb9ad70000 	C:\WINDOWS\System32\bcryptPrimitives.dll
0x00007ffb9c860000 - 0x00007ffb9c88e000 	C:\WINDOWS\System32\IMM32.DLL
0x0000000075d50000 - 0x0000000075e22000 	C:\Program Files\Java\jdk1.8.0_191\jre\bin\msvcr100.dll
0x0000000074d40000 - 0x00000000755e4000 	C:\Program Files\Java\jdk1.8.0_191\jre\bin\server\jvm.dll
0x00007ffb9ced0000 - 0x00007ffb9ced8000 	C:\WINDOWS\System32\PSAPI.DLL
0x00007ffb6e850000 - 0x00007ffb6e859000 	C:\WINDOWS\SYSTEM32\WSOCK32.dll
0x00007ffb90220000 - 0x00007ffb9022a000 	C:\WINDOWS\SYSTEM32\VERSION.dll
0x00007ffb9ca70000 - 0x00007ffb9cadf000 	C:\WINDOWS\System32\WS2_32.dll
0x00007ffb98920000 - 0x00007ffb98944000 	C:\WINDOWS\SYSTEM32\WINMM.dll
0x00007ffb98490000 - 0x00007ffb984bd000 	C:\WINDOWS\SYSTEM32\winmmbase.dll
0x00007ffb9aca0000 - 0x00007ffb9acea000 	C:\WINDOWS\System32\cfgmgr32.dll
0x0000000077a40000 - 0x0000000077a4f000 	C:\Program Files\Java\jdk1.8.0_191\jre\bin\verify.dll
0x0000000077a10000 - 0x0000000077a39000 	C:\Program Files\Java\jdk1.8.0_191\jre\bin\java.dll
0x0000000075910000 - 0x0000000075933000 	C:\Program Files\Java\jdk1.8.0_191\jre\bin\instrument.dll
0x0000000075fb0000 - 0x0000000075fc6000 	C:\Program Files\Java\jdk1.8.0_191\jre\bin\zip.dll
0x00007ffb9c060000 - 0x00007ffb9c745000 	C:\WINDOWS\System32\SHELL32.dll
0x00007ffb9c7b0000 - 0x00007ffb9c859000 	C:\WINDOWS\System32\shcore.dll
0x00007ffb9b610000 - 0x00007ffb9bd90000 	C:\WINDOWS\System32\windows.storage.dll
0x00007ffb9ac40000 - 0x00007ffb9ac63000 	C:\WINDOWS\System32\profapi.dll
0x00007ffb9abf0000 - 0x00007ffb9ac3a000 	C:\WINDOWS\System32\powrprof.dll
0x00007ffb9aba0000 - 0x00007ffb9abb0000 	C:\WINDOWS\System32\UMPDC.dll
0x00007ffb9c890000 - 0x00007ffb9c8e2000 	C:\WINDOWS\System32\shlwapi.dll
0x00007ffb9abd0000 - 0x00007ffb9abe1000 	C:\WINDOWS\System32\kernel.appcore.dll
0x00007ffb9ad70000 - 0x00007ffb9ad87000 	C:\WINDOWS\System32\cryptsp.dll
0x00007ffb934b0000 - 0x00007ffb934ca000 	C:\Program Files\JetBrains\IntelliJ IDEA 2019.3.3\bin\breakgen64.dll
0x0000000075f90000 - 0x0000000075faa000 	C:\Program Files\Java\jdk1.8.0_191\jre\bin\net.dll
0x00007ffb9a410000 - 0x00007ffb9a477000 	C:\WINDOWS\system32\mswsock.dll

VM Arguments:
jvm_args: -javaagent:C:\Program Files\JetBrains\IntelliJ IDEA 2019.3.3\lib\idea_rt.jar=55869:C:\Program Files\JetBrains\IntelliJ IDEA 2019.3.3\bin -Dfile.encoding=UTF-8 
java_command: main.java.Main
java_class_path (initial): C:\Program Files\Java\jdk1.8.0_191\jre\lib\charsets.jar;C:\Program Files\Java\jdk1.8.0_191\jre\lib\deploy.jar;C:\Program Files\Java\jdk1.8.0_191\jre\lib\ext\access-bridge-64.jar;C:\Program Files\Java\jdk1.8.0_191\jre\lib\ext\cldrdata.jar;C:\Program Files\Java\jdk1.8.0_191\jre\lib\ext\dnsns.jar;C:\Program Files\Java\jdk1.8.0_191\jre\lib\ext\jaccess.jar;C:\Program Files\Java\jdk1.8.0_191\jre\lib\ext\jfxrt.jar;C:\Program Files\Java\jdk1.8.0_191\jre\lib\ext\localedata.jar;C:\Program Files\Java\jdk1.8.0_191\jre\lib\ext\nashorn.jar;C:\Program Files\Java\jdk1.8.0_191\jre\lib\ext\sunec.jar;C:\Program Files\Java\jdk1.8.0_191\jre\lib\ext\sunjce_provider.jar;C:\Program Files\Java\jdk1.8.0_191\jre\lib\ext\sunmscapi.jar;C:\Program Files\Java\jdk1.8.0_191\jre\lib\ext\sunpkcs11.jar;C:\Program Files\Java\jdk1.8.0_191\jre\lib\ext\zipfs.jar;C:\Program Files\Java\jdk1.8.0_191\jre\lib\javaws.jar;C:\Program Files\Java\jdk1.8.0_191\jre\lib\jce.jar;C:\Program Files\Java\jdk1.8.0_191\jre\lib\jfr.jar;C:\Program Files\Java\jdk1.8.0_191\jre\lib\jfxswt.jar;C:\Program Files\Java\jdk1.8.0_191\jre\lib\jsse.jar;C:\Program Files\Java\jdk1.8.0_191\jre\lib\management-agent.jar;C:\Program Files\Java\jdk1.8.0_191\jre\lib\plugin.jar;C:\Program Files\Java\jdk1.8.0_191\jre\lib\resources.jar;C:\Program Files\Java\jdk1.8.0_191\jre\lib\rt.jar;E:\EPAM_JAVA_PROJECT\Hospital\target\classes;C:\Users\Lenovo\.m2\repository\org\apache\logging\log4j\log4j-api\2.13.1\log4j-api-2.13.1.jar;C:\Users\Lenovo\.m2\repository\org\apache\logging\log4j\log4j-core\2.13.1\log4j-core-2.13.1.jar;C:\Users\Lenovo\.m2\repository\org\testng\testng\6.8\testng-6.8.jar;C:\Users\Lenovo\.m2\repository\junit\junit\4.10\junit-4.10.jar;C:\Users\Lenovo\.m2\repository\org\hamcrest\hamcrest-core\1.1\hamcrest-core-1.1.jar;C:\Users\Lenovo\.m2\repository\org\beanshell\bsh\2.0b4\bsh-2.0b4.jar;C:\Users\Lenovo\.m2\repository\com\beust\jcommander\1.27\jcommander-1.27.jar;C:\Users\Lenovo\.m2\repository\org\yaml\snakeyaml\1.6
Launcher Type: SUN_STANDARD

Environment Variables:
PATH=E:\DB\19c\bin;C:\Program Files\Microsoft MPI\Bin\;C:\Program Files (x86)\Common Files\Oracle\Java\javapath;C:\ProgramData\DockerDesktop\version-bin;C:\Program Files\Docker\Docker\Resources\bin;C:\WINDOWS\system32;C:\WINDOWS;C:\WINDOWS\System32\Wbem;C:\WINDOWS\System32\WindowsPowerShell\v1.0\;C:\WINDOWS\System32\OpenSSH\;C:\Program Files\nodejs\;C:\Program Files (x86)\Common Files\Adobe\AGL;C:\Program Files (x86)\Microsoft SQL Server\140\Tools\Binn\;C:\Program Files\Microsoft SQL Server\140\Tools\Binn\;C:\Program Files (x86)\Microsoft SQL Server\140\DTS\Binn\;C:\Program Files\Microsoft SQL Server\140\DTS\Binn\;C:\Program Files\Microsoft SQL Server\Client SDK\ODBC\130\Tools\Binn\;C:\Program Files (x86)\Microsoft SQL Server\150\DTS\Binn\;C:\Program Files\dotnet\;C:\Program Files\Microsoft\Web Platform Installer\;C:\Program Files (x86)\Microsoft ASP.NET\ASP.NET Web Pages\v1.0\;C:\Program Files\Microsoft SQL Server\110\Tools\Binn\;C:\PHP;C:\Program Files\gradle-6.3\bin;C:\Program Files\Java\jdk1.8.0_191\jre\lib;C:\Program Files\Java\jre1.8.0_191\bin;C:\Program Files\MySQL\MySQL Shell 8.0\bin\;C:\Users\Lenovo\AppData\Local\Programs\Python\Python36\Scripts\;C:\Users\Lenovo\AppData\Local\Programs\Python\Python36\;C:\Users\Lenovo\AppData\Local\Microsoft\WindowsApps;C:\Users\Lenovo\AppData\Roaming\npm;C:\Program Files\Docker Toolbox;C:\Users\Lenovo\AppData\Local\Programs\Microsoft VS Code\bin;;C:\Program Files\JetBrains\IntelliJ IDEA 2019.3.3\bin;;C:\Program Files\JetBrains\PyCharm Community Edition 2019.3.3\bin;
USERNAME=Lenovo
OS=Windows_NT
PROCESSOR_IDENTIFIER=Intel64 Family 6 Model 142 Stepping 10, GenuineIntel



---------------  S Y S T E M  ---------------

OS: Windows 10.0 , 64 bit Build 18362 (10.0.18362.778)

CPU:total 8 (initial active 8) (4 cores per cpu, 2 threads per core) family 6 model 142 stepping 10, cmov, cx8, fxsr, mmx, sse, sse2, sse3, ssse3, sse4.1, sse4.2, popcnt, avx, avx2, aes, clmul, erms, 3dnowpref, lzcnt, ht, tsc, tscinvbit, bmi1, bmi2, adx

Memory: 4k page, physical 8260236k(2362756k free), swap 8260236k(5128k free)

vm_info: Java HotSpot(TM) 64-Bit Server VM (25.191-b12) for windows-amd64 JRE (1.8.0_191-b12), built on Oct  6 2018 09:29:03 by "java_re" with MS VC++ 10.0 (VS2010)

time: Sun Apr 26 03:41:58 2020
elapsed time: 0 seconds (0d 0h 0m 0s)

